0 info it worked if it ends with ok
1 verbose cli [ 'C:\\Program Files\\nodejs\\node.exe',
1 verbose cli   'C:\\Program Files\\nodejs\\node_modules\\npm\\bin\\npm-cli.js',
1 verbose cli   'install',
1 verbose cli   'time',
1 verbose cli   '--save' ]
2 info using npm@2.15.9
3 info using node@v4.5.0
4 verbose install initial load of c:\PROJETO\Portal\package.json
5 verbose installManyTop reading scoped package data from c:\PROJETO\Portal\node_modules\bcrypt-nodejs\package.json
6 verbose installManyTop reading scoped package data from c:\PROJETO\Portal\node_modules\body-parser\package.json
7 verbose installManyTop reading scoped package data from c:\PROJETO\Portal\node_modules\bower\package.json
8 verbose installManyTop reading scoped package data from c:\PROJETO\Portal\node_modules\cookie-parser\package.json
9 verbose installManyTop reading scoped package data from c:\PROJETO\Portal\node_modules\debug\package.json
10 verbose installManyTop reading scoped package data from c:\PROJETO\Portal\node_modules\express\package.json
11 verbose installManyTop reading scoped package data from c:\PROJETO\Portal\node_modules\express-flash\package.json
12 verbose installManyTop reading scoped package data from c:\PROJETO\Portal\node_modules\express-load\package.json
13 verbose installManyTop reading scoped package data from c:\PROJETO\Portal\node_modules\express-session\package.json
14 verbose installManyTop reading scoped package data from c:\PROJETO\Portal\node_modules\express-validator\package.json
15 verbose installManyTop reading scoped package data from c:\PROJETO\Portal\node_modules\jade\package.json
16 verbose installManyTop reading scoped package data from c:\PROJETO\Portal\node_modules\lodash\package.json
17 verbose installManyTop reading scoped package data from c:\PROJETO\Portal\node_modules\moment\package.json
18 verbose installManyTop reading scoped package data from c:\PROJETO\Portal\node_modules\mongoose\package.json
19 verbose installManyTop reading scoped package data from c:\PROJETO\Portal\node_modules\morgan\package.json
20 verbose installManyTop reading scoped package data from c:\PROJETO\Portal\node_modules\multer\package.json
21 verbose installManyTop reading scoped package data from c:\PROJETO\Portal\node_modules\promise\package.json
22 verbose installManyTop reading scoped package data from c:\PROJETO\Portal\node_modules\pug\package.json
23 verbose installManyTop reading scoped package data from c:\PROJETO\Portal\node_modules\serve-favicon\package.json
24 verbose installManyTop reading scoped package data from c:\PROJETO\Portal\node_modules\socket.io\package.json
25 verbose installManyTop reading scoped package data from c:\PROJETO\Portal\node_modules\time\package.json
26 info package.json bcrypt-nodejs@0.0.3 No license field.
27 info package.json express-flash@0.0.2 No license field.
28 info package.json express-load@1.1.15 No license field.
29 verbose readDependencies loading dependencies from c:\PROJETO\Portal\package.json
30 verbose install time is installed as 0.11.4
31 silly cache add args [ 'time', null ]
32 verbose cache add spec time
33 silly cache add parsed spec Result {
33 silly cache add   raw: 'time',
33 silly cache add   scope: null,
33 silly cache add   name: 'time',
33 silly cache add   rawSpec: '',
33 silly cache add   spec: 'latest',
33 silly cache add   type: 'tag' }
34 silly addNamed time@latest
35 verbose addNamed "latest" is being treated as a dist-tag for time
36 info addNameTag [ 'time', 'latest' ]
37 silly mapToRegistry name time
38 silly mapToRegistry using default registry
39 silly mapToRegistry registry https://registry.npmjs.org/
40 silly mapToRegistry data Result {
40 silly mapToRegistry   raw: 'time',
40 silly mapToRegistry   scope: null,
40 silly mapToRegistry   name: 'time',
40 silly mapToRegistry   rawSpec: '',
40 silly mapToRegistry   spec: 'latest',
40 silly mapToRegistry   type: 'tag' }
41 silly mapToRegistry uri https://registry.npmjs.org/time
42 verbose addNameTag registry:https://registry.npmjs.org/time not in flight; fetching
43 verbose request uri https://registry.npmjs.org/time
44 verbose request no auth needed
45 info attempt registry request try #1 at 02:49:01
46 verbose request id abd473f246c0d689
47 verbose etag W/"55e09970-a534"
48 verbose lastModified Fri, 28 Aug 2015 17:25:04 GMT
49 http request GET https://registry.npmjs.org/time
50 http 304 https://registry.npmjs.org/time
51 verbose headers { date: 'Fri, 02 Dec 2016 04:49:00 GMT',
51 verbose headers   via: '1.1 varnish',
51 verbose headers   'cache-control': 'max-age=300',
51 verbose headers   etag: 'W/"55e09970-a534"',
51 verbose headers   age: '278',
51 verbose headers   connection: 'keep-alive',
51 verbose headers   'x-served-by': 'cache-iad2144-IAD',
51 verbose headers   'x-cache': 'HIT',
51 verbose headers   'x-cache-hits': '1',
51 verbose headers   'x-timer': 'S1480654140.458198,VS0,VE0',
51 verbose headers   vary: 'Accept-Encoding' }
52 silly get cb [ 304,
52 silly get   { date: 'Fri, 02 Dec 2016 04:49:00 GMT',
52 silly get     via: '1.1 varnish',
52 silly get     'cache-control': 'max-age=300',
52 silly get     etag: 'W/"55e09970-a534"',
52 silly get     age: '278',
52 silly get     connection: 'keep-alive',
52 silly get     'x-served-by': 'cache-iad2144-IAD',
52 silly get     'x-cache': 'HIT',
52 silly get     'x-cache-hits': '1',
52 silly get     'x-timer': 'S1480654140.458198,VS0,VE0',
52 silly get     vary: 'Accept-Encoding' } ]
53 verbose etag https://registry.npmjs.org/time from cache
54 verbose get saving time to C:\Users\MAXWELL\AppData\Roaming\npm-cache\registry.npmjs.org\time\.cache.json
55 verbose correctMkdir C:\Users\MAXWELL\AppData\Roaming\npm-cache correctMkdir not in flight; initializing
56 silly addNameTag next cb for time with tag latest
57 silly addNamed time@0.11.4
58 verbose addNamed "0.11.4" is a plain semver version for time
59 silly cache afterAdd time@0.11.4
60 verbose afterAdd C:\Users\MAXWELL\AppData\Roaming\npm-cache\time\0.11.4\package\package.json not in flight; writing
61 verbose correctMkdir C:\Users\MAXWELL\AppData\Roaming\npm-cache correctMkdir not in flight; initializing
62 verbose afterAdd C:\Users\MAXWELL\AppData\Roaming\npm-cache\time\0.11.4\package\package.json written
63 silly install resolved [ { name: 'time',
63 silly install resolved     description: '"time.h" bindings for Node.js',
63 silly install resolved     keywords:
63 silly install resolved      [ 'date',
63 silly install resolved        'time',
63 silly install resolved        'time.h',
63 silly install resolved        'timezone',
63 silly install resolved        'setTimezone',
63 silly install resolved        'getTimezone' ],
63 silly install resolved     version: '0.11.4',
63 silly install resolved     repository:
63 silly install resolved      { type: 'git',
63 silly install resolved        url: 'git://github.com/TooTallNate/node-time.git' },
63 silly install resolved     author:
63 silly install resolved      { name: 'Nathan Rajlich',
63 silly install resolved        email: 'nathan@tootallnate.net',
63 silly install resolved        url: 'http://tootallnate.net' },
63 silly install resolved     license: 'MIT',
63 silly install resolved     contributors: [ [Object] ],
63 silly install resolved     main: './index.js',
63 silly install resolved     scripts: { test: 'mocha --reporter spec', install: 'node-gyp rebuild' },
63 silly install resolved     dependencies: { bindings: '~1.2.0', debug: '2', nan: '2' },
63 silly install resolved     devDependencies: { mocha: '*' },
63 silly install resolved     gypfile: true,
63 silly install resolved     gitHead: '3faced83e4933ffa45f8aacb19bee74b1811022c',
63 silly install resolved     bugs: { url: 'https://github.com/TooTallNate/node-time/issues' },
63 silly install resolved     homepage: 'https://github.com/TooTallNate/node-time#readme',
63 silly install resolved     _id: 'time@0.11.4',
63 silly install resolved     _shasum: 'ec3c8947d7fa488f3b1978b8110a68186f5d340f',
63 silly install resolved     _from: 'time@latest',
63 silly install resolved     _npmVersion: '2.11.2',
63 silly install resolved     _nodeVersion: '0.12.6',
63 silly install resolved     _npmUser: { name: 'tootallnate', email: 'nathan@tootallnate.net' },
63 silly install resolved     maintainers: [ [Object], [Object] ],
63 silly install resolved     dist:
63 silly install resolved      { shasum: 'ec3c8947d7fa488f3b1978b8110a68186f5d340f',
63 silly install resolved        tarball: 'https://registry.npmjs.org/time/-/time-0.11.4.tgz' },
63 silly install resolved     directories: {},
63 silly install resolved     _resolved: 'https://registry.npmjs.org/time/-/time-0.11.4.tgz',
63 silly install resolved     readme: 'ERROR: No README data found!' } ]
64 info install time@0.11.4 into c:\PROJETO\Portal
65 info installOne time@0.11.4
66 verbose installOne of time to c:\PROJETO\Portal not in flight; installing
67 verbose correctMkdir C:\Users\MAXWELL\AppData\Roaming\npm-cache\_locks correctMkdir not in flight; initializing
68 verbose lock using C:\Users\MAXWELL\AppData\Roaming\npm-cache\_locks\time-1339c9a4df35a3ec.lock for c:\PROJETO\Portal\node_modules\time
69 silly install write writing time 0.11.4 to c:\PROJETO\Portal\node_modules\time
70 verbose unbuild node_modules\time
71 info preuninstall time@0.11.4
72 info uninstall time@0.11.4
73 verbose unbuild rmStuff time@0.11.4 from c:\PROJETO\Portal\node_modules
74 info postuninstall time@0.11.4
75 silly gentlyRm c:\PROJETO\Portal\node_modules\time is being purged from base c:\PROJETO\Portal
76 verbose gentlyRm don't care about contents; nuking c:\PROJETO\Portal\node_modules\time
77 silly vacuum-fs purging c:\PROJETO\Portal\node_modules\time
78 silly vacuum-fs quitting because other entries in c:\PROJETO\Portal\node_modules
79 verbose tar unpack C:\Users\MAXWELL\AppData\Roaming\npm-cache\time\0.11.4\package.tgz
80 verbose tar unpacking to c:\PROJETO\Portal\node_modules\time
81 silly gentlyRm c:\PROJETO\Portal\node_modules\time is being purged
82 verbose gentlyRm don't care about contents; nuking c:\PROJETO\Portal\node_modules\time
83 silly gunzTarPerm modes [ '777', '666' ]
84 silly gunzTarPerm extractEntry package.json
85 silly gunzTarPerm modified mode [ 'package.json', 420, 438 ]
86 silly gunzTarPerm extractEntry .npmignore
87 silly gunzTarPerm modified mode [ '.npmignore', 420, 438 ]
88 silly gunzTarPerm extractEntry README.md
89 silly gunzTarPerm modified mode [ 'README.md', 420, 438 ]
90 silly gunzTarPerm extractEntry LICENSE
91 silly gunzTarPerm modified mode [ 'LICENSE', 420, 438 ]
92 silly gunzTarPerm extractEntry index.js
93 silly gunzTarPerm modified mode [ 'index.js', 420, 438 ]
94 silly gunzTarPerm extractEntry binding.gyp
95 silly gunzTarPerm modified mode [ 'binding.gyp', 420, 438 ]
96 silly gunzTarPerm extractEntry .jshintrc
97 silly gunzTarPerm modified mode [ '.jshintrc', 420, 438 ]
98 silly gunzTarPerm extractEntry .travis.yml
99 silly gunzTarPerm modified mode [ '.travis.yml', 420, 438 ]
100 silly gunzTarPerm extractEntry History.md
101 silly gunzTarPerm modified mode [ 'History.md', 420, 438 ]
102 silly gunzTarPerm extractEntry src/time.cc
103 silly gunzTarPerm modified mode [ 'src/time.cc', 420, 438 ]
104 silly gunzTarPerm extractEntry test/date.js
105 silly gunzTarPerm modified mode [ 'test/date.js', 420, 438 ]
106 silly gunzTarPerm extractEntry test/exports.js
107 silly gunzTarPerm modified mode [ 'test/exports.js', 420, 438 ]
108 silly gunzTarPerm extractEntry test/tzset.js
109 silly gunzTarPerm modified mode [ 'test/tzset.js', 420, 438 ]
110 verbose write writing to c:\PROJETO\Portal\node_modules\time\package.json
111 info preinstall time@0.11.4
112 verbose readDependencies loading dependencies from c:\PROJETO\Portal\node_modules\time\package.json
113 silly prepareForInstallMany adding bindings@~1.2.0 from time dependencies
114 silly prepareForInstallMany adding nan@2 from time dependencies
115 verbose readDependencies loading dependencies from c:\PROJETO\Portal\node_modules\time\package.json
116 silly cache add args [ 'bindings@~1.2.0', null ]
117 verbose cache add spec bindings@~1.2.0
118 silly cache add args [ 'nan@2', null ]
119 verbose cache add spec nan@2
120 silly cache add parsed spec Result {
120 silly cache add   raw: 'bindings@~1.2.0',
120 silly cache add   scope: null,
120 silly cache add   name: 'bindings',
120 silly cache add   rawSpec: '~1.2.0',
120 silly cache add   spec: '>=1.2.0 <1.3.0',
120 silly cache add   type: 'range' }
121 silly addNamed bindings@>=1.2.0 <1.3.0
122 verbose addNamed ">=1.2.0 <1.3.0" is a valid semver range for bindings
123 silly addNameRange { name: 'bindings', range: '>=1.2.0 <1.3.0', hasData: false }
124 silly mapToRegistry name bindings
125 silly mapToRegistry using default registry
126 silly mapToRegistry registry https://registry.npmjs.org/
127 silly mapToRegistry data Result {
127 silly mapToRegistry   raw: 'bindings',
127 silly mapToRegistry   scope: null,
127 silly mapToRegistry   name: 'bindings',
127 silly mapToRegistry   rawSpec: '',
127 silly mapToRegistry   spec: 'latest',
127 silly mapToRegistry   type: 'tag' }
128 silly mapToRegistry uri https://registry.npmjs.org/bindings
129 verbose addNameRange registry:https://registry.npmjs.org/bindings not in flight; fetching
130 silly cache add parsed spec Result {
130 silly cache add   raw: 'nan@2',
130 silly cache add   scope: null,
130 silly cache add   name: 'nan',
130 silly cache add   rawSpec: '2',
130 silly cache add   spec: '>=2.0.0 <3.0.0',
130 silly cache add   type: 'range' }
131 silly addNamed nan@>=2.0.0 <3.0.0
132 verbose addNamed ">=2.0.0 <3.0.0" is a valid semver range for nan
133 silly addNameRange { name: 'nan', range: '>=2.0.0 <3.0.0', hasData: false }
134 silly mapToRegistry name nan
135 silly mapToRegistry using default registry
136 silly mapToRegistry registry https://registry.npmjs.org/
137 silly mapToRegistry data Result {
137 silly mapToRegistry   raw: 'nan',
137 silly mapToRegistry   scope: null,
137 silly mapToRegistry   name: 'nan',
137 silly mapToRegistry   rawSpec: '',
137 silly mapToRegistry   spec: 'latest',
137 silly mapToRegistry   type: 'tag' }
138 silly mapToRegistry uri https://registry.npmjs.org/nan
139 verbose addNameRange registry:https://registry.npmjs.org/nan not in flight; fetching
140 verbose request uri https://registry.npmjs.org/bindings
141 verbose request no auth needed
142 info attempt registry request try #1 at 02:49:02
143 verbose etag W/"580645d3-46f7"
144 verbose lastModified Tue, 18 Oct 2016 15:54:59 GMT
145 http request GET https://registry.npmjs.org/bindings
146 verbose request uri https://registry.npmjs.org/nan
147 verbose request no auth needed
148 info attempt registry request try #1 at 02:49:02
149 verbose etag W/"5818d749-1ce1e"
150 verbose lastModified Tue, 01 Nov 2016 17:56:25 GMT
151 http request GET https://registry.npmjs.org/nan
152 http 304 https://registry.npmjs.org/bindings
153 verbose headers { date: 'Fri, 02 Dec 2016 04:49:00 GMT',
153 verbose headers   via: '1.1 varnish',
153 verbose headers   'cache-control': 'max-age=300',
153 verbose headers   etag: 'W/"580645d3-46f7"',
153 verbose headers   age: '138',
153 verbose headers   connection: 'keep-alive',
153 verbose headers   'x-served-by': 'cache-iad2144-IAD',
153 verbose headers   'x-cache': 'HIT',
153 verbose headers   'x-cache-hits': '2',
153 verbose headers   'x-timer': 'S1480654140.969031,VS0,VE0',
153 verbose headers   vary: 'Accept-Encoding' }
154 silly get cb [ 304,
154 silly get   { date: 'Fri, 02 Dec 2016 04:49:00 GMT',
154 silly get     via: '1.1 varnish',
154 silly get     'cache-control': 'max-age=300',
154 silly get     etag: 'W/"580645d3-46f7"',
154 silly get     age: '138',
154 silly get     connection: 'keep-alive',
154 silly get     'x-served-by': 'cache-iad2144-IAD',
154 silly get     'x-cache': 'HIT',
154 silly get     'x-cache-hits': '2',
154 silly get     'x-timer': 'S1480654140.969031,VS0,VE0',
154 silly get     vary: 'Accept-Encoding' } ]
155 verbose etag https://registry.npmjs.org/bindings from cache
156 verbose get saving bindings to C:\Users\MAXWELL\AppData\Roaming\npm-cache\registry.npmjs.org\bindings\.cache.json
157 verbose correctMkdir C:\Users\MAXWELL\AppData\Roaming\npm-cache correctMkdir not in flight; initializing
158 silly addNameRange number 2 { name: 'bindings', range: '>=1.2.0 <1.3.0', hasData: true }
159 silly addNameRange versions [ 'bindings',
159 silly addNameRange   [ '0.0.1',
159 silly addNameRange     '0.1.0',
159 silly addNameRange     '0.1.1',
159 silly addNameRange     '0.2.0',
159 silly addNameRange     '0.2.1',
159 silly addNameRange     '0.2.2',
159 silly addNameRange     '0.2.3',
159 silly addNameRange     '0.2.4',
159 silly addNameRange     '0.3.0',
159 silly addNameRange     '0.4.0',
159 silly addNameRange     '1.0.0',
159 silly addNameRange     '1.1.0',
159 silly addNameRange     '1.1.1',
159 silly addNameRange     '1.2.0',
159 silly addNameRange     '1.2.1' ] ]
160 silly addNamed bindings@1.2.1
161 verbose addNamed "1.2.1" is a plain semver version for bindings
162 silly cache afterAdd bindings@1.2.1
163 verbose afterAdd C:\Users\MAXWELL\AppData\Roaming\npm-cache\bindings\1.2.1\package\package.json not in flight; writing
164 verbose correctMkdir C:\Users\MAXWELL\AppData\Roaming\npm-cache correctMkdir not in flight; initializing
165 verbose afterAdd C:\Users\MAXWELL\AppData\Roaming\npm-cache\bindings\1.2.1\package\package.json written
166 http 304 https://registry.npmjs.org/nan
167 verbose headers { date: 'Fri, 02 Dec 2016 04:49:01 GMT',
167 verbose headers   via: '1.1 varnish',
167 verbose headers   'cache-control': 'max-age=300',
167 verbose headers   etag: 'W/"5818d749-1ce1e"',
167 verbose headers   age: '259',
167 verbose headers   connection: 'keep-alive',
167 verbose headers   'x-served-by': 'cache-iad2644-IAD',
167 verbose headers   'x-cache': 'HIT',
167 verbose headers   'x-cache-hits': '4',
167 verbose headers   'x-timer': 'S1480654141.219608,VS0,VE0',
167 verbose headers   vary: 'Accept-Encoding' }
168 silly get cb [ 304,
168 silly get   { date: 'Fri, 02 Dec 2016 04:49:01 GMT',
168 silly get     via: '1.1 varnish',
168 silly get     'cache-control': 'max-age=300',
168 silly get     etag: 'W/"5818d749-1ce1e"',
168 silly get     age: '259',
168 silly get     connection: 'keep-alive',
168 silly get     'x-served-by': 'cache-iad2644-IAD',
168 silly get     'x-cache': 'HIT',
168 silly get     'x-cache-hits': '4',
168 silly get     'x-timer': 'S1480654141.219608,VS0,VE0',
168 silly get     vary: 'Accept-Encoding' } ]
169 verbose etag https://registry.npmjs.org/nan from cache
170 verbose get saving nan to C:\Users\MAXWELL\AppData\Roaming\npm-cache\registry.npmjs.org\nan\.cache.json
171 verbose correctMkdir C:\Users\MAXWELL\AppData\Roaming\npm-cache correctMkdir not in flight; initializing
172 silly addNameRange number 2 { name: 'nan', range: '>=2.0.0 <3.0.0', hasData: true }
173 silly addNameRange versions [ 'nan',
173 silly addNameRange   [ '0.3.0-wip',
173 silly addNameRange     '0.3.0-wip2',
173 silly addNameRange     '0.3.0',
173 silly addNameRange     '0.3.1',
173 silly addNameRange     '0.3.2',
173 silly addNameRange     '0.4.0',
173 silly addNameRange     '0.4.1',
173 silly addNameRange     '0.4.2',
173 silly addNameRange     '0.4.3',
173 silly addNameRange     '0.4.4',
173 silly addNameRange     '0.5.0',
173 silly addNameRange     '0.5.1',
173 silly addNameRange     '0.5.2',
173 silly addNameRange     '0.6.0',
173 silly addNameRange     '0.7.0',
173 silly addNameRange     '0.7.1',
173 silly addNameRange     '0.8.0',
173 silly addNameRange     '1.0.0',
173 silly addNameRange     '1.1.0',
173 silly addNameRange     '1.1.1',
173 silly addNameRange     '1.1.2',
173 silly addNameRange     '1.2.0',
173 silly addNameRange     '1.3.0',
173 silly addNameRange     '1.4.0',
173 silly addNameRange     '1.4.1',
173 silly addNameRange     '1.5.0',
173 silly addNameRange     '1.4.2',
173 silly addNameRange     '1.4.3',
173 silly addNameRange     '1.5.1',
173 silly addNameRange     '1.5.2',
173 silly addNameRange     '1.6.0',
173 silly addNameRange     '1.5.3',
173 silly addNameRange     '1.6.1',
173 silly addNameRange     '1.6.2',
173 silly addNameRange     '1.7.0',
173 silly addNameRange     '1.8.0',
173 silly addNameRange     '1.8.1',
173 silly addNameRange     '1.8.2',
173 silly addNameRange     '1.8.3',
173 silly addNameRange     '1.8.4',
173 silly addNameRange     '1.9.0',
173 silly addNameRange     '2.0.0',
173 silly addNameRange     '2.0.1',
173 silly addNameRange     '2.0.2',
173 silly addNameRange     '2.0.3',
173 silly addNameRange     '2.0.4',
173 silly addNameRange     '2.0.5',
173 silly addNameRange     '2.0.6',
173 silly addNameRange     '2.0.7',
173 silly addNameRange     '2.0.8',
173 silly addNameRange     '2.0.9',
173 silly addNameRange     '2.1.0',
173 silly addNameRange     '2.2.0',
173 silly addNameRange     '2.2.1',
173 silly addNameRange     '2.3.0',
173 silly addNameRange     '2.3.1',
173 silly addNameRange     '2.3.2',
173 silly addNameRange     '2.3.3',
173 silly addNameRange     '2.3.4',
173 silly addNameRange     '2.3.5',
173 silly addNameRange     '2.4.0' ] ]
174 silly addNamed nan@2.4.0
175 verbose addNamed "2.4.0" is a plain semver version for nan
176 silly cache afterAdd nan@2.4.0
177 verbose afterAdd C:\Users\MAXWELL\AppData\Roaming\npm-cache\nan\2.4.0\package\package.json not in flight; writing
178 verbose correctMkdir C:\Users\MAXWELL\AppData\Roaming\npm-cache correctMkdir not in flight; initializing
179 verbose afterAdd C:\Users\MAXWELL\AppData\Roaming\npm-cache\nan\2.4.0\package\package.json written
180 silly install resolved [ { name: 'bindings',
180 silly install resolved     description: 'Helper module for loading your native module\'s .node file',
180 silly install resolved     keywords: [ 'native', 'addon', 'bindings', 'gyp', 'waf', 'c', 'c++' ],
180 silly install resolved     version: '1.2.1',
180 silly install resolved     author:
180 silly install resolved      { name: 'Nathan Rajlich',
180 silly install resolved        email: 'nathan@tootallnate.net',
180 silly install resolved        url: 'http://tootallnate.net' },
180 silly install resolved     repository:
180 silly install resolved      { type: 'git',
180 silly install resolved        url: 'git://github.com/TooTallNate/node-bindings.git' },
180 silly install resolved     main: './bindings.js',
180 silly install resolved     bugs: { url: 'https://github.com/TooTallNate/node-bindings/issues' },
180 silly install resolved     homepage: 'https://github.com/TooTallNate/node-bindings',
180 silly install resolved     license: 'MIT',
180 silly install resolved     gitHead: 'e404152ee27f8478ccbc7122ee051246e8e5ec02',
180 silly install resolved     _id: 'bindings@1.2.1',
180 silly install resolved     scripts: {},
180 silly install resolved     _shasum: '14ad6113812d2d37d72e67b4cacb4bb726505f11',
180 silly install resolved     _from: 'bindings@>=1.2.0 <1.3.0',
180 silly install resolved     _npmVersion: '1.4.14',
180 silly install resolved     _npmUser: { name: 'tootallnate', email: 'nathan@tootallnate.net' },
180 silly install resolved     maintainers: [ [Object], [Object] ],
180 silly install resolved     dist:
180 silly install resolved      { shasum: '14ad6113812d2d37d72e67b4cacb4bb726505f11',
180 silly install resolved        tarball: 'https://registry.npmjs.org/bindings/-/bindings-1.2.1.tgz' },
180 silly install resolved     directories: {},
180 silly install resolved     _resolved: 'https://registry.npmjs.org/bindings/-/bindings-1.2.1.tgz',
180 silly install resolved     readme: 'ERROR: No README data found!' },
180 silly install resolved   { name: 'nan',
180 silly install resolved     version: '2.4.0',
180 silly install resolved     description: 'Native Abstractions for Node.js: C++ header for Node 0.8 -> 6 compatibility',
180 silly install resolved     main: 'include_dirs.js',
180 silly install resolved     repository: { type: 'git', url: 'git://github.com/nodejs/nan.git' },
180 silly install resolved     scripts:
180 silly install resolved      { test: 'tap --gc --stderr test/js/*-test.js',
180 silly install resolved        'rebuild-tests': 'node-gyp rebuild --msvs_version=2013 --directory test',
180 silly install resolved        docs: 'doc/.build.sh' },
180 silly install resolved     contributors:
180 silly install resolved      [ [Object],
180 silly install resolved        [Object],
180 silly install resolved        [Object],
180 silly install resolved        [Object],
180 silly install resolved        [Object],
180 silly install resolved        [Object],
180 silly install resolved        [Object] ],
180 silly install resolved     devDependencies:
180 silly install resolved      { bindings: '~1.2.1',
180 silly install resolved        commander: '^2.8.1',
180 silly install resolved        glob: '^5.0.14',
180 silly install resolved        'node-gyp': '~3.0.1',
180 silly install resolved        'readable-stream': '^2.1.4',
180 silly install resolved        tap: '~0.7.1',
180 silly install resolved        xtend: '~4.0.0' },
180 silly install resolved     license: 'MIT',
180 silly install resolved     bugs: { url: 'https://github.com/nodejs/nan/issues' },
180 silly install resolved     homepage: 'https://github.com/nodejs/nan#readme',
180 silly install resolved     _id: 'nan@2.4.0',
180 silly install resolved     _shasum: 'fb3c59d45fe4effe215f0b890f8adf6eb32d2232',
180 silly install resolved     _resolved: 'https://registry.npmjs.org/nan/-/nan-2.4.0.tgz',
180 silly install resolved     _from: 'nan@>=2.0.0 <3.0.0',
180 silly install resolved     _npmVersion: '3.3.6',
180 silly install resolved     _nodeVersion: '5.0.0',
180 silly install resolved     _npmUser: { name: 'kkoopa', email: 'bbyholm@abo.fi' },
180 silly install resolved     dist:
180 silly install resolved      { shasum: 'fb3c59d45fe4effe215f0b890f8adf6eb32d2232',
180 silly install resolved        tarball: 'https://registry.npmjs.org/nan/-/nan-2.4.0.tgz' },
180 silly install resolved     maintainers: [ [Object], [Object] ],
180 silly install resolved     _npmOperationalInternal:
180 silly install resolved      { host: 'packages-16-east.internal.npmjs.com',
180 silly install resolved        tmp: 'tmp/nan-2.4.0.tgz_1468158679820_0.6951719264034182' },
180 silly install resolved     directories: {},
180 silly install resolved     readme: 'ERROR: No README data found!' } ]
181 info install bindings@1.2.1 into c:\PROJETO\Portal\node_modules\time
182 info install nan@2.4.0 into c:\PROJETO\Portal\node_modules\time
183 info installOne bindings@1.2.1
184 verbose installOne of bindings to c:\PROJETO\Portal\node_modules\time not in flight; installing
185 verbose correctMkdir C:\Users\MAXWELL\AppData\Roaming\npm-cache\_locks correctMkdir not in flight; initializing
186 info installOne nan@2.4.0
187 verbose installOne of nan to c:\PROJETO\Portal\node_modules\time not in flight; installing
188 verbose correctMkdir C:\Users\MAXWELL\AppData\Roaming\npm-cache\_locks correctMkdir not in flight; initializing
189 verbose lock using C:\Users\MAXWELL\AppData\Roaming\npm-cache\_locks\bindings-a4507fac89d83121.lock for c:\PROJETO\Portal\node_modules\time\node_modules\bindings
190 verbose lock using C:\Users\MAXWELL\AppData\Roaming\npm-cache\_locks\nan-c5e29d426294d991.lock for c:\PROJETO\Portal\node_modules\time\node_modules\nan
191 silly install write writing bindings 1.2.1 to c:\PROJETO\Portal\node_modules\time\node_modules\bindings
192 silly install write writing nan 2.4.0 to c:\PROJETO\Portal\node_modules\time\node_modules\nan
193 verbose unbuild node_modules\time\node_modules\bindings
194 verbose unbuild node_modules\time\node_modules\nan
195 silly gentlyRm c:\PROJETO\Portal\node_modules\time\node_modules\bindings is being purged from base c:\PROJETO\Portal
196 verbose gentlyRm don't care about contents; nuking c:\PROJETO\Portal\node_modules\time\node_modules\bindings
197 verbose tar unpack C:\Users\MAXWELL\AppData\Roaming\npm-cache\bindings\1.2.1\package.tgz
198 verbose tar unpacking to c:\PROJETO\Portal\node_modules\time\node_modules\bindings
199 silly gentlyRm c:\PROJETO\Portal\node_modules\time\node_modules\bindings is being purged
200 verbose gentlyRm don't care about contents; nuking c:\PROJETO\Portal\node_modules\time\node_modules\bindings
201 silly gentlyRm c:\PROJETO\Portal\node_modules\time\node_modules\nan is being purged from base c:\PROJETO\Portal
202 verbose gentlyRm don't care about contents; nuking c:\PROJETO\Portal\node_modules\time\node_modules\nan
203 silly gunzTarPerm modes [ '777', '666' ]
204 verbose tar unpack C:\Users\MAXWELL\AppData\Roaming\npm-cache\nan\2.4.0\package.tgz
205 verbose tar unpacking to c:\PROJETO\Portal\node_modules\time\node_modules\nan
206 silly gentlyRm c:\PROJETO\Portal\node_modules\time\node_modules\nan is being purged
207 verbose gentlyRm don't care about contents; nuking c:\PROJETO\Portal\node_modules\time\node_modules\nan
208 silly gunzTarPerm modes [ '777', '666' ]
209 silly gunzTarPerm extractEntry package.json
210 silly gunzTarPerm modified mode [ 'package.json', 420, 438 ]
211 silly gunzTarPerm extractEntry package.json
212 silly gunzTarPerm modified mode [ 'package.json', 436, 438 ]
213 silly gunzTarPerm extractEntry README.md
214 silly gunzTarPerm modified mode [ 'README.md', 420, 438 ]
215 silly gunzTarPerm extractEntry bindings.js
216 silly gunzTarPerm modified mode [ 'bindings.js', 420, 438 ]
217 silly gunzTarPerm extractEntry README.md
218 silly gunzTarPerm modified mode [ 'README.md', 436, 438 ]
219 silly gunzTarPerm extractEntry include_dirs.js
220 silly gunzTarPerm modified mode [ 'include_dirs.js', 436, 438 ]
221 silly gunzTarPerm extractEntry nan_callbacks_pre_12_inl.h
222 silly gunzTarPerm modified mode [ 'nan_callbacks_pre_12_inl.h', 436, 438 ]
223 silly gunzTarPerm extractEntry CHANGELOG.md
224 silly gunzTarPerm modified mode [ 'CHANGELOG.md', 436, 438 ]
225 silly gunzTarPerm extractEntry LICENSE.md
226 silly gunzTarPerm modified mode [ 'LICENSE.md', 436, 438 ]
227 silly gunzTarPerm extractEntry doc/node_misc.md
228 silly gunzTarPerm modified mode [ 'doc/node_misc.md', 436, 438 ]
229 verbose write writing to c:\PROJETO\Portal\node_modules\time\node_modules\bindings\package.json
230 info preinstall bindings@1.2.1
231 silly gunzTarPerm extractEntry doc/asyncworker.md
232 silly gunzTarPerm modified mode [ 'doc/asyncworker.md', 436, 438 ]
233 silly gunzTarPerm extractEntry doc/callback.md
234 silly gunzTarPerm modified mode [ 'doc/callback.md', 436, 438 ]
235 verbose readDependencies loading dependencies from c:\PROJETO\Portal\node_modules\time\node_modules\bindings\package.json
236 verbose readDependencies loading dependencies from c:\PROJETO\Portal\node_modules\time\node_modules\bindings\package.json
237 silly gunzTarPerm extractEntry doc/converters.md
238 silly gunzTarPerm modified mode [ 'doc/converters.md', 436, 438 ]
239 silly gunzTarPerm extractEntry doc/errors.md
240 silly gunzTarPerm modified mode [ 'doc/errors.md', 436, 438 ]
241 silly install resolved []
242 verbose about to build c:\PROJETO\Portal\node_modules\time\node_modules\bindings
243 info build c:\PROJETO\Portal\node_modules\time\node_modules\bindings
244 info linkStuff bindings@1.2.1
245 silly linkStuff bindings@1.2.1 has c:\PROJETO\Portal\node_modules\time\node_modules as its parent node_modules
246 verbose linkBins bindings@1.2.1
247 verbose linkMans bindings@1.2.1
248 verbose rebuildBundles bindings@1.2.1
249 info install bindings@1.2.1
250 info postinstall bindings@1.2.1
251 silly gunzTarPerm extractEntry doc/maybe_types.md
252 silly gunzTarPerm modified mode [ 'doc/maybe_types.md', 436, 438 ]
253 silly gunzTarPerm extractEntry doc/methods.md
254 silly gunzTarPerm modified mode [ 'doc/methods.md', 436, 438 ]
255 verbose unlock done using C:\Users\MAXWELL\AppData\Roaming\npm-cache\_locks\bindings-a4507fac89d83121.lock for c:\PROJETO\Portal\node_modules\time\node_modules\bindings
256 silly gunzTarPerm extractEntry doc/new.md
257 silly gunzTarPerm modified mode [ 'doc/new.md', 436, 438 ]
258 silly gunzTarPerm extractEntry doc/buffers.md
259 silly gunzTarPerm modified mode [ 'doc/buffers.md', 436, 438 ]
260 silly gunzTarPerm extractEntry doc/object_wrappers.md
261 silly gunzTarPerm modified mode [ 'doc/object_wrappers.md', 436, 438 ]
262 silly gunzTarPerm extractEntry doc/persistent.md
263 silly gunzTarPerm modified mode [ 'doc/persistent.md', 436, 438 ]
264 silly gunzTarPerm extractEntry doc/scopes.md
265 silly gunzTarPerm modified mode [ 'doc/scopes.md', 436, 438 ]
266 silly gunzTarPerm extractEntry doc/script.md
267 silly gunzTarPerm modified mode [ 'doc/script.md', 436, 438 ]
268 silly gunzTarPerm extractEntry doc/string_bytes.md
269 silly gunzTarPerm modified mode [ 'doc/string_bytes.md', 436, 438 ]
270 silly gunzTarPerm extractEntry doc/v8_internals.md
271 silly gunzTarPerm modified mode [ 'doc/v8_internals.md', 436, 438 ]
272 silly gunzTarPerm extractEntry doc/v8_misc.md
273 silly gunzTarPerm modified mode [ 'doc/v8_misc.md', 436, 438 ]
274 silly gunzTarPerm extractEntry nan.h
275 silly gunzTarPerm modified mode [ 'nan.h', 436, 438 ]
276 silly gunzTarPerm extractEntry nan_callbacks.h
277 silly gunzTarPerm modified mode [ 'nan_callbacks.h', 436, 438 ]
278 silly gunzTarPerm extractEntry nan_callbacks_12_inl.h
279 silly gunzTarPerm modified mode [ 'nan_callbacks_12_inl.h', 436, 438 ]
280 silly gunzTarPerm extractEntry nan_converters.h
281 silly gunzTarPerm modified mode [ 'nan_converters.h', 436, 438 ]
282 silly gunzTarPerm extractEntry nan_converters_43_inl.h
283 silly gunzTarPerm modified mode [ 'nan_converters_43_inl.h', 436, 438 ]
284 silly gunzTarPerm extractEntry nan_converters_pre_43_inl.h
285 silly gunzTarPerm modified mode [ 'nan_converters_pre_43_inl.h', 436, 438 ]
286 silly gunzTarPerm extractEntry nan_implementation_12_inl.h
287 silly gunzTarPerm modified mode [ 'nan_implementation_12_inl.h', 436, 438 ]
288 silly gunzTarPerm extractEntry nan_implementation_pre_12_inl.h
289 silly gunzTarPerm modified mode [ 'nan_implementation_pre_12_inl.h', 436, 438 ]
290 silly gunzTarPerm extractEntry nan_maybe_43_inl.h
291 silly gunzTarPerm modified mode [ 'nan_maybe_43_inl.h', 436, 438 ]
292 silly gunzTarPerm extractEntry nan_maybe_pre_43_inl.h
293 silly gunzTarPerm modified mode [ 'nan_maybe_pre_43_inl.h', 436, 438 ]
294 silly gunzTarPerm extractEntry nan_new.h
295 silly gunzTarPerm modified mode [ 'nan_new.h', 436, 438 ]
296 silly gunzTarPerm extractEntry nan_object_wrap.h
297 silly gunzTarPerm modified mode [ 'nan_object_wrap.h', 436, 438 ]
298 silly gunzTarPerm extractEntry nan_persistent_12_inl.h
299 silly gunzTarPerm modified mode [ 'nan_persistent_12_inl.h', 436, 438 ]
300 silly gunzTarPerm extractEntry nan_persistent_pre_12_inl.h
301 silly gunzTarPerm modified mode [ 'nan_persistent_pre_12_inl.h', 436, 438 ]
302 silly gunzTarPerm extractEntry nan_string_bytes.h
303 silly gunzTarPerm modified mode [ 'nan_string_bytes.h', 436, 438 ]
304 silly gunzTarPerm extractEntry nan_typedarray_contents.h
305 silly gunzTarPerm modified mode [ 'nan_typedarray_contents.h', 436, 438 ]
306 silly gunzTarPerm extractEntry nan_weak.h
307 silly gunzTarPerm modified mode [ 'nan_weak.h', 436, 438 ]
308 silly gunzTarPerm extractEntry tools/package.json
309 silly gunzTarPerm modified mode [ 'tools/package.json', 436, 438 ]
310 silly gunzTarPerm extractEntry tools/README.md
311 silly gunzTarPerm modified mode [ 'tools/README.md', 436, 438 ]
312 silly gunzTarPerm extractEntry tools/1to2.js
313 silly gunzTarPerm modified mode [ 'tools/1to2.js', 509, 511 ]
314 verbose write writing to c:\PROJETO\Portal\node_modules\time\node_modules\nan\package.json
315 info preinstall nan@2.4.0
316 verbose readDependencies loading dependencies from c:\PROJETO\Portal\node_modules\time\node_modules\nan\package.json
317 verbose readDependencies loading dependencies from c:\PROJETO\Portal\node_modules\time\node_modules\nan\package.json
318 silly install resolved []
319 verbose about to build c:\PROJETO\Portal\node_modules\time\node_modules\nan
320 info build c:\PROJETO\Portal\node_modules\time\node_modules\nan
321 info linkStuff nan@2.4.0
322 silly linkStuff nan@2.4.0 has c:\PROJETO\Portal\node_modules\time\node_modules as its parent node_modules
323 verbose linkBins nan@2.4.0
324 verbose linkMans nan@2.4.0
325 verbose rebuildBundles nan@2.4.0
326 info install nan@2.4.0
327 info postinstall nan@2.4.0
328 verbose unlock done using C:\Users\MAXWELL\AppData\Roaming\npm-cache\_locks\nan-c5e29d426294d991.lock for c:\PROJETO\Portal\node_modules\time\node_modules\nan
329 verbose about to build c:\PROJETO\Portal\node_modules\time
330 info build c:\PROJETO\Portal\node_modules\time
331 info linkStuff time@0.11.4
332 silly linkStuff time@0.11.4 has c:\PROJETO\Portal\node_modules as its parent node_modules
333 verbose linkBins time@0.11.4
334 verbose linkMans time@0.11.4
335 verbose rebuildBundles time@0.11.4
336 verbose rebuildBundles [ 'bindings', 'nan' ]
337 info install time@0.11.4
338 verbose unsafe-perm in lifecycle true
339 info time@0.11.4 Failed to exec install script
340 verbose unlock done using C:\Users\MAXWELL\AppData\Roaming\npm-cache\_locks\time-1339c9a4df35a3ec.lock for c:\PROJETO\Portal\node_modules\time
341 verbose stack Error: time@0.11.4 install: `node-gyp rebuild`
341 verbose stack Exit status 1
341 verbose stack     at EventEmitter.<anonymous> (C:\Program Files\nodejs\node_modules\npm\lib\utils\lifecycle.js:217:16)
341 verbose stack     at emitTwo (events.js:87:13)
341 verbose stack     at EventEmitter.emit (events.js:172:7)
341 verbose stack     at ChildProcess.<anonymous> (C:\Program Files\nodejs\node_modules\npm\lib\utils\spawn.js:24:14)
341 verbose stack     at emitTwo (events.js:87:13)
341 verbose stack     at ChildProcess.emit (events.js:172:7)
341 verbose stack     at maybeClose (internal/child_process.js:829:16)
341 verbose stack     at Process.ChildProcess._handle.onexit (internal/child_process.js:211:5)
342 verbose pkgid time@0.11.4
343 verbose cwd c:\PROJETO\Portal
344 error Windows_NT 10.0.14393
345 error argv "C:\\Program Files\\nodejs\\node.exe" "C:\\Program Files\\nodejs\\node_modules\\npm\\bin\\npm-cli.js" "install" "time" "--save"
346 error node v4.5.0
347 error npm  v2.15.9
348 error code ELIFECYCLE
349 error time@0.11.4 install: `node-gyp rebuild`
349 error Exit status 1
350 error Failed at the time@0.11.4 install script 'node-gyp rebuild'.
350 error This is most likely a problem with the time package,
350 error not with npm itself.
350 error Tell the author that this fails on your system:
350 error     node-gyp rebuild
350 error You can get information on how to open an issue for this project with:
350 error     npm bugs time
350 error Or if that isn't available, you can get their info via:
350 error
350 error     npm owner ls time
350 error There is likely additional logging output above.
351 verbose exit [ 1, true ]
352 verbose unbuild node_modules\time
353 info preuninstall time@0.11.4
354 info uninstall time@0.11.4
355 verbose unbuild rmStuff time@0.11.4 from c:\PROJETO\Portal\node_modules
356 info postuninstall time@0.11.4
357 silly gentlyRm c:\PROJETO\Portal\node_modules\time is being purged from base c:\PROJETO\Portal
358 verbose gentlyRm don't care about contents; nuking c:\PROJETO\Portal\node_modules\time
359 silly vacuum-fs purging c:\PROJETO\Portal\node_modules\time
360 silly vacuum-fs quitting because other entries in c:\PROJETO\Portal\node_modules
